{
  "timestamp": "2025-05-29T02:13:48.192127",
  "execution_time": 508.4845983982086,
  "total_tests": 0,
  "total_passed": 0,
  "total_failed": 0,
  "success_rate": 0,
  "overall_success": false,
  "results": {
    "smoke": {
      "success": true,
      "critical_failure": false
    },
    "unit": {
      "category": "unit",
      "description": "Unit Tests - Core Components",
      "success": false,
      "execution_time": 100.66115522384644,
      "statistics": {
        "total": 0,
        "passed": 0,
        "failed": 0,
        "skipped": 0,
        "errors": 0
      },
      "stdout": "Setting up test environment...\nTest environment setup complete\nStarting test execution...\nRunning command: C:\\Program Files\\Python312\\python.exe -m pytest C:\\Users\\Devansh\\Downloads\\intern_application_round1\\tests\\test_database.py C:\\Users\\Devansh\\Downloads\\intern_application_round1\\tests\\test_scraper.py C:\\Users\\Devansh\\Downloads\\intern_application_round1\\tests\\test_analytics.py C:\\Users\\Devansh\\Downloads\\intern_application_round1\\tests\\test_ui.py -v --html C:\\Users\\Devansh\\Downloads\\intern_application_round1\\test_reports\\test_report_20250529_020552.html --self-contained-html --junit-xml C:\\Users\\Devansh\\Downloads\\intern_application_round1\\test_reports\\junit_report_20250529_020552.xml --cov C:\\Users\\Devansh\\Downloads\\intern_application_round1 --cov-report html:C:\\Users\\Devansh\\Downloads\\intern_application_round1\\test_reports\\coverage_report_20250529_020552.html --cov-report term-missing --cov-report json:C:\\Users\\Devansh\\Downloads\\intern_application_round1\\test_reports\\coverage_20250529_020552.json\n\n================================================================================\nTEST EXECUTION SUMMARY\n================================================================================\nExecution Time: 99.72 seconds\nTotal Tests: 121\nPassed: 43\nFailed: 64\nSkipped: 0\nErrors: 14\nSuccess Rate: 35.5%\nOverall Status: FAILED\n\nReports saved to: C:\\Users\\Devansh\\Downloads\\intern_application_round1\\test_reports\n   HTML: test_report_20250529_020552.html\n   JUNIT: junit_report_20250529_020552.xml\n   COVERAGE: coverage_report_20250529_020552.html\n================================================================================\n",
      "stderr": "",
      "critical": true
    },
    "integration": {
      "category": "integration",
      "description": "Integration Tests - Component Interaction",
      "success": false,
      "execution_time": 16.6472806930542,
      "statistics": {
        "total": 0,
        "passed": 0,
        "failed": 0,
        "skipped": 0,
        "errors": 0
      },
      "stdout": "Setting up test environment...\nTest environment setup complete\nRunning integration tests...\nStarting test execution...\nRunning command: C:\\Program Files\\Python312\\python.exe -m pytest C:\\Users\\Devansh\\Downloads\\intern_application_round1\\tests\\test_integration.py -v -m integration --html C:\\Users\\Devansh\\Downloads\\intern_application_round1\\test_reports\\test_report_20250529_020733.html --self-contained-html --junit-xml C:\\Users\\Devansh\\Downloads\\intern_application_round1\\test_reports\\junit_report_20250529_020733.xml --cov C:\\Users\\Devansh\\Downloads\\intern_application_round1 --cov-report html:C:\\Users\\Devansh\\Downloads\\intern_application_round1\\test_reports\\coverage_report_20250529_020733.html --cov-report term-missing --cov-report json:C:\\Users\\Devansh\\Downloads\\intern_application_round1\\test_reports\\coverage_20250529_020733.json\n\n================================================================================\nTEST EXECUTION SUMMARY\n================================================================================\nExecution Time: 15.64 seconds\nTotal Tests: 12\nPassed: 0\nFailed: 0\nSkipped: 19\nErrors: 12\nSuccess Rate: 0.0%\nOverall Status: FAILED\n\nReports saved to: C:\\Users\\Devansh\\Downloads\\intern_application_round1\\test_reports\n   HTML: test_report_20250529_020733.html\n   JUNIT: junit_report_20250529_020733.xml\n   COVERAGE: coverage_report_20250529_020733.html\n================================================================================\n",
      "stderr": "",
      "critical": true
    },
    "security": {
      "category": "security",
      "description": "Security Tests - Vulnerability Assessment",
      "success": false,
      "execution_time": 300,
      "error": "timeout",
      "critical": true
    },
    "performance": {
      "category": "performance",
      "description": "Performance Tests - Load & Stress Testing",
      "success": false,
      "execution_time": 58.83094596862793,
      "statistics": {
        "total": 0,
        "passed": 0,
        "failed": 0,
        "skipped": 0,
        "errors": 0
      },
      "stdout": "Setting up test environment...\nTest environment setup complete\nRunning performance tests...\nStarting test execution...\nRunning command: C:\\Program Files\\Python312\\python.exe -m pytest C:\\Users\\Devansh\\Downloads\\intern_application_round1\\tests\\test_performance.py -v -m performance --html C:\\Users\\Devansh\\Downloads\\intern_application_round1\\test_reports\\test_report_20250529_021250.html --self-contained-html --junit-xml C:\\Users\\Devansh\\Downloads\\intern_application_round1\\test_reports\\junit_report_20250529_021250.xml\n\n================================================================================\nTEST EXECUTION SUMMARY\n================================================================================\nExecution Time: 57.81 seconds\nTotal Tests: 12\nPassed: 0\nFailed: 12\nSkipped: 0\nErrors: 0\nSuccess Rate: 0.0%\nOverall Status: FAILED\n\nReports saved to: C:\\Users\\Devansh\\Downloads\\intern_application_round1\\test_reports\n   HTML: test_report_20250529_021250.html\n   JUNIT: junit_report_20250529_021250.xml\n   COVERAGE: coverage_report_20250529_021250.html\n================================================================================\n",
      "stderr": "",
      "critical": false
    }
  },
  "system_status": "needs_attention"
}