{
  "timestamp": "2025-05-29T01:42:27.921397",
  "execution_time": 149.65396785736084,
  "total_tests": 0,
  "total_passed": 0,
  "total_failed": 0,
  "success_rate": 0,
  "overall_success": false,
  "results": {
    "smoke": {
      "success": true,
      "critical_failure": false
    },
    "unit": {
      "category": "unit",
      "description": "Unit Tests - Core Components",
      "success": false,
      "execution_time": 98.50123238563538,
      "statistics": {
        "total": 0,
        "passed": 0,
        "failed": 0,
        "skipped": 0,
        "errors": 0
      },
      "stdout": "Setting up test environment...\nTest environment setup complete\nStarting test execution...\nRunning command: C:\\Program Files\\Python312\\python.exe -m pytest C:\\Users\\Devansh\\Downloads\\intern_application_round1\\tests\\test_database.py C:\\Users\\Devansh\\Downloads\\intern_application_round1\\tests\\test_scraper.py C:\\Users\\Devansh\\Downloads\\intern_application_round1\\tests\\test_analytics.py C:\\Users\\Devansh\\Downloads\\intern_application_round1\\tests\\test_ui.py -v --html C:\\Users\\Devansh\\Downloads\\intern_application_round1\\test_reports\\test_report_20250529_014032.html --self-contained-html --junit-xml C:\\Users\\Devansh\\Downloads\\intern_application_round1\\test_reports\\junit_report_20250529_014032.xml --cov C:\\Users\\Devansh\\Downloads\\intern_application_round1 --cov-report html:C:\\Users\\Devansh\\Downloads\\intern_application_round1\\test_reports\\coverage_report_20250529_014032.html --cov-report term-missing --cov-report json:C:\\Users\\Devansh\\Downloads\\intern_application_round1\\test_reports\\coverage_20250529_014032.json\n\n================================================================================\nTEST EXECUTION SUMMARY\n================================================================================\nExecution Time: 97.53 seconds\nTotal Tests: 111\nPassed: 43\nFailed: 63\nSkipped: 0\nErrors: 5\nSuccess Rate: 38.7%\nOverall Status: FAILED\n\nReports saved to: C:\\Users\\Devansh\\Downloads\\intern_application_round1\\test_reports\n   HTML: test_report_20250529_014032.html\n   JUNIT: junit_report_20250529_014032.xml\n   COVERAGE: coverage_report_20250529_014032.html\n================================================================================\n",
      "stderr": "",
      "critical": true
    },
    "integration": {
      "category": "integration",
      "description": "Integration Tests - Component Interaction",
      "success": false,
      "execution_time": 14.425282716751099,
      "statistics": {
        "total": 0,
        "passed": 0,
        "failed": 0,
        "skipped": 0,
        "errors": 0
      },
      "stdout": "Setting up test environment...\nTest environment setup complete\nRunning integration tests...\nStarting test execution...\nRunning command: C:\\Program Files\\Python312\\python.exe -m pytest C:\\Users\\Devansh\\Downloads\\intern_application_round1\\tests\\test_integration.py -v -m integration --html C:\\Users\\Devansh\\Downloads\\intern_application_round1\\test_reports\\test_report_20250529_014210.html --self-contained-html --junit-xml C:\\Users\\Devansh\\Downloads\\intern_application_round1\\test_reports\\junit_report_20250529_014210.xml --cov C:\\Users\\Devansh\\Downloads\\intern_application_round1 --cov-report html:C:\\Users\\Devansh\\Downloads\\intern_application_round1\\test_reports\\coverage_report_20250529_014210.html --cov-report term-missing --cov-report json:C:\\Users\\Devansh\\Downloads\\intern_application_round1\\test_reports\\coverage_20250529_014210.json\n\n================================================================================\nTEST EXECUTION SUMMARY\n================================================================================\nExecution Time: 13.48 seconds\nTotal Tests: 0\nPassed: 0\nFailed: 0\nSkipped: 0\nErrors: 0\nSuccess Rate: 100.0%\nOverall Status: FAILED\n\nReports saved to: C:\\Users\\Devansh\\Downloads\\intern_application_round1\\test_reports\n   HTML: test_report_20250529_014210.html\n   JUNIT: junit_report_20250529_014210.xml\n   COVERAGE: coverage_report_20250529_014210.html\n================================================================================\n",
      "stderr": "",
      "critical": true
    },
    "security": {
      "category": "security",
      "description": "Security Tests - Vulnerability Assessment",
      "success": false,
      "execution_time": 2.0848186016082764,
      "statistics": {
        "total": 0,
        "passed": 0,
        "failed": 0,
        "skipped": 0,
        "errors": 0
      },
      "stdout": "Setting up test environment...\nTest environment setup complete\nRunning security tests...\nStarting test execution...\nRunning command: C:\\Program Files\\Python312\\python.exe -m pytest C:\\Users\\Devansh\\Downloads\\intern_application_round1\\tests\\test_security.py -v -m security --html C:\\Users\\Devansh\\Downloads\\intern_application_round1\\test_reports\\test_report_20250529_014225.html --self-contained-html --junit-xml C:\\Users\\Devansh\\Downloads\\intern_application_round1\\test_reports\\junit_report_20250529_014225.xml --cov C:\\Users\\Devansh\\Downloads\\intern_application_round1 --cov-report html:C:\\Users\\Devansh\\Downloads\\intern_application_round1\\test_reports\\coverage_report_20250529_014225.html --cov-report term-missing --cov-report json:C:\\Users\\Devansh\\Downloads\\intern_application_round1\\test_reports\\coverage_20250529_014225.json\n\n================================================================================\nTEST EXECUTION SUMMARY\n================================================================================\nExecution Time: 1.15 seconds\nTotal Tests: 0\nPassed: 0\nFailed: 0\nSkipped: 0\nErrors: 0\nSuccess Rate: 100.0%\nOverall Status: FAILED\n\nReports saved to: C:\\Users\\Devansh\\Downloads\\intern_application_round1\\test_reports\n   HTML: test_report_20250529_014225.html\n   JUNIT: junit_report_20250529_014225.xml\n   COVERAGE: coverage_report_20250529_014225.html\n================================================================================\n",
      "stderr": "",
      "critical": true
    },
    "performance": {
      "category": "performance",
      "description": "Performance Tests - Load & Stress Testing",
      "success": false,
      "execution_time": 1.7026619911193848,
      "statistics": {
        "total": 0,
        "passed": 0,
        "failed": 0,
        "skipped": 0,
        "errors": 0
      },
      "stdout": "Setting up test environment...\nTest environment setup complete\nRunning performance tests...\nStarting test execution...\nRunning command: C:\\Program Files\\Python312\\python.exe -m pytest C:\\Users\\Devansh\\Downloads\\intern_application_round1\\tests\\test_performance.py -v -m performance --html C:\\Users\\Devansh\\Downloads\\intern_application_round1\\test_reports\\test_report_20250529_014227.html --self-contained-html --junit-xml C:\\Users\\Devansh\\Downloads\\intern_application_round1\\test_reports\\junit_report_20250529_014227.xml\n\n================================================================================\nTEST EXECUTION SUMMARY\n================================================================================\nExecution Time: 0.78 seconds\nTotal Tests: 0\nPassed: 0\nFailed: 0\nSkipped: 0\nErrors: 0\nSuccess Rate: 100.0%\nOverall Status: FAILED\n\nReports saved to: C:\\Users\\Devansh\\Downloads\\intern_application_round1\\test_reports\n   HTML: test_report_20250529_014227.html\n   JUNIT: junit_report_20250529_014227.xml\n   COVERAGE: coverage_report_20250529_014227.html\n================================================================================\n",
      "stderr": "",
      "critical": false
    }
  },
  "system_status": "needs_attention"
}