<?xml version="1.0" encoding="utf-8"?><testsuites><testsuite name="pytest" errors="2" failures="0" skipped="0" tests="7" time="8.533" timestamp="2025-05-29T01:59:57.397516+05:30" hostname="DESKTOP-P3MSMOS"><testcase classname="tests.test_analytics.TestMetricsAnalyzer" name="test_analyzer_initialization" time="0.001"><error message="failed on setup with &quot;TypeError: MetricsAnalyzer.__init__() missing 1 required positional argument: 'db_manager'&quot;">self = &lt;tests.test_analytics.TestMetricsAnalyzer object at 0x00000178CBB6E240&gt;

    @pytest.fixture
    def analyzer(self):
        """Create metrics analyzer instance."""
&gt;       return MetricsAnalyzer()
E       TypeError: MetricsAnalyzer.__init__() missing 1 required positional argument: 'db_manager'

tests\test_analytics.py:28: TypeError</error></testcase><testcase classname="tests.test_analytics.TestMetricsAnalyzer" name="test_calculate_basic_metrics" time="0.000"><error message="failed on setup with &quot;TypeError: MetricsAnalyzer.__init__() missing 1 required positional argument: 'db_manager'&quot;">self = &lt;tests.test_analytics.TestMetricsAnalyzer object at 0x00000178CB785580&gt;

    @pytest.fixture
    def analyzer(self):
        """Create metrics analyzer instance."""
&gt;       return MetricsAnalyzer()
E       TypeError: MetricsAnalyzer.__init__() missing 1 required positional argument: 'db_manager'

tests\test_analytics.py:28: TypeError</error></testcase><testcase classname="tests.test_analytics.TestMetricsAnalyzer" name="test_analyze_session_metrics" time="0.039" /><testcase classname="tests.test_database" name="test_database_initialization" time="0.007" /><testcase classname="tests.test_database" name="test_create_search_session" time="0.016" /><testcase classname="tests.test_scraper.TestRedditScraper" name="test_scraper_initialization" time="0.032" /><testcase classname="tests.test_scraper.TestRedditScraper" name="test_sanitize_search_term" time="0.028" /></testsuite></testsuites>